Connecting to database specified by database.yml


Started GET "/" for 127.0.0.1 at 2013-11-07 21:46:52 +0900
Processing by RailsAdmin::MainController#dashboard as HTML
Completed 500 Internal Server Error in 146ms

ActiveRecord::StatementInvalid (Could not find table 'users'):
  activerecord (3.2.11) lib/active_record/connection_adapters/sqlite_adapter.rb:472:in `table_structure'
  activerecord (3.2.11) lib/active_record/connection_adapters/sqlite_adapter.rb:346:in `columns'
  activerecord (3.2.11) lib/active_record/connection_adapters/schema_cache.rb:12:in `block in initialize'
  activerecord (3.2.11) lib/active_record/model_schema.rb:228:in `yield'
  activerecord (3.2.11) lib/active_record/model_schema.rb:228:in `default'
  activerecord (3.2.11) lib/active_record/model_schema.rb:228:in `columns'
  activerecord (3.2.11) lib/active_record/model_schema.rb:237:in `columns_hash'
  activerecord (3.2.11) lib/active_record/locking/optimistic.rb:129:in `locking_enabled?'
  activerecord (3.2.11) lib/active_record/relation.rb:170:in `exec_queries'
  activerecord (3.2.11) lib/active_record/relation.rb:160:in `block in to_a'
  activerecord (3.2.11) lib/active_record/explain.rb:33:in `logging_query_plan'
  activerecord (3.2.11) lib/active_record/relation.rb:159:in `to_a'
  activerecord (3.2.11) lib/active_record/relation/finder_methods.rb:378:in `find_first'
  activerecord (3.2.11) lib/active_record/relation/finder_methods.rb:122:in `first'
  orm_adapter (0.4.0) lib/orm_adapter/adapters/active_record.rb:17:in `get'
  devise (2.2.4) lib/devise/models/authenticatable.rb:208:in `serialize_from_session'
  devise (2.2.4) lib/devise.rb:437:in `block (2 levels) in configure_warden!'
  warden (1.2.1) lib/warden/session_serializer.rb:35:in `fetch'
  warden (1.2.1) lib/warden/proxy.rb:212:in `user'
  warden (1.2.1) lib/warden/proxy.rb:318:in `_perform_authentication'
  warden (1.2.1) lib/warden/proxy.rb:127:in `authenticate!'
  activesupport (3.2.11) lib/active_support/core_ext/object/try.rb:36:in `try'
  rails_admin (0.4.9) lib/rails_admin/config.rb:16:in `block in <module:Config>'
  rails_admin (0.4.9) app/controllers/rails_admin/application_controller.rb:43:in `instance_eval'
  rails_admin (0.4.9) app/controllers/rails_admin/application_controller.rb:43:in `_authenticate!'
  activesupport (3.2.11) lib/active_support/callbacks.rb:418:in `_run__1593583661384143328__process_action__1902325618398079003__callbacks'
  activesupport (3.2.11) lib/active_support/callbacks.rb:405:in `__run_callback'
  activesupport (3.2.11) lib/active_support/callbacks.rb:385:in `_run_process_action_callbacks'
  activesupport (3.2.11) lib/active_support/callbacks.rb:81:in `run_callbacks'
  actionpack (3.2.11) lib/abstract_controller/callbacks.rb:17:in `process_action'
  actionpack (3.2.11) lib/action_controller/metal/rescue.rb:29:in `process_action'
  actionpack (3.2.11) lib/action_controller/metal/instrumentation.rb:30:in `block in process_action'
  activesupport (3.2.11) lib/active_support/notifications.rb:123:in `block in instrument'
  activesupport (3.2.11) lib/active_support/notifications/instrumenter.rb:20:in `instrument'
  activesupport (3.2.11) lib/active_support/notifications.rb:123:in `instrument'
  actionpack (3.2.11) lib/action_controller/metal/instrumentation.rb:29:in `process_action'
  actionpack (3.2.11) lib/action_controller/metal/params_wrapper.rb:207:in `process_action'
  activerecord (3.2.11) lib/active_record/railties/controller_runtime.rb:18:in `process_action'
  actionpack (3.2.11) lib/abstract_controller/base.rb:121:in `process'
  actionpack (3.2.11) lib/abstract_controller/rendering.rb:45:in `process'
  actionpack (3.2.11) lib/action_controller/metal.rb:203:in `dispatch'
  actionpack (3.2.11) lib/action_controller/metal/rack_delegation.rb:14:in `dispatch'
  actionpack (3.2.11) lib/action_controller/metal.rb:246:in `block in action'
  actionpack (3.2.11) lib/action_dispatch/routing/route_set.rb:73:in `call'
  actionpack (3.2.11) lib/action_dispatch/routing/route_set.rb:73:in `dispatch'
  actionpack (3.2.11) lib/action_dispatch/routing/route_set.rb:36:in `call'
  journey (1.0.4) lib/journey/router.rb:68:in `block in call'
  journey (1.0.4) lib/journey/router.rb:56:in `each'
  journey (1.0.4) lib/journey/router.rb:56:in `call'
  actionpack (3.2.11) lib/action_dispatch/routing/route_set.rb:601:in `call'
  rack-pjax (0.7.0) lib/rack/pjax.rb:12:in `call'
  warden (1.2.1) lib/warden/manager.rb:35:in `block in call'
  warden (1.2.1) lib/warden/manager.rb:34:in `catch'
  warden (1.2.1) lib/warden/manager.rb:34:in `call'
  actionpack (3.2.11) lib/action_dispatch/middleware/best_standards_support.rb:17:in `call'
  rack (1.4.5) lib/rack/etag.rb:23:in `call'
  rack (1.4.5) lib/rack/conditionalget.rb:25:in `call'
  actionpack (3.2.11) lib/action_dispatch/middleware/head.rb:14:in `call'
  remotipart (1.0.5) lib/remotipart/middleware.rb:30:in `call'
  actionpack (3.2.11) lib/action_dispatch/middleware/params_parser.rb:21:in `call'
  actionpack (3.2.11) lib/action_dispatch/middleware/flash.rb:242:in `call'
  rack (1.4.5) lib/rack/session/abstract/id.rb:210:in `context'
  rack (1.4.5) lib/rack/session/abstract/id.rb:205:in `call'
  actionpack (3.2.11) lib/action_dispatch/middleware/cookies.rb:341:in `call'
  activerecord (3.2.11) lib/active_record/query_cache.rb:64:in `call'
  activerecord (3.2.11) lib/active_record/connection_adapters/abstract/connection_pool.rb:479:in `call'
  actionpack (3.2.11) lib/action_dispatch/middleware/callbacks.rb:28:in `block in call'
  activesupport (3.2.11) lib/active_support/callbacks.rb:405:in `_run__4232271238040985409__call__3007180485290882758__callbacks'
  activesupport (3.2.11) lib/active_support/callbacks.rb:405:in `__run_callback'
  activesupport (3.2.11) lib/active_support/callbacks.rb:385:in `_run_call_callbacks'
  activesupport (3.2.11) lib/active_support/callbacks.rb:81:in `run_callbacks'
  actionpack (3.2.11) lib/action_dispatch/middleware/callbacks.rb:27:in `call'
  actionpack (3.2.11) lib/action_dispatch/middleware/reloader.rb:65:in `call'
  actionpack (3.2.11) lib/action_dispatch/middleware/remote_ip.rb:31:in `call'
  actionpack (3.2.11) lib/action_dispatch/middleware/debug_exceptions.rb:16:in `call'
  actionpack (3.2.11) lib/action_dispatch/middleware/show_exceptions.rb:56:in `call'
  railties (3.2.11) lib/rails/rack/logger.rb:32:in `call_app'
  railties (3.2.11) lib/rails/rack/logger.rb:16:in `block in call'
  activesupport (3.2.11) lib/active_support/tagged_logging.rb:22:in `tagged'
  railties (3.2.11) lib/rails/rack/logger.rb:16:in `call'
  actionpack (3.2.11) lib/action_dispatch/middleware/request_id.rb:22:in `call'
  rack (1.4.5) lib/rack/methodoverride.rb:21:in `call'
  rack (1.4.5) lib/rack/runtime.rb:17:in `call'
  activesupport (3.2.11) lib/active_support/cache/strategy/local_cache.rb:72:in `call'
  rack (1.4.5) lib/rack/lock.rb:15:in `call'
  actionpack (3.2.11) lib/action_dispatch/middleware/static.rb:62:in `call'
  railties (3.2.11) lib/rails/engine.rb:479:in `call'
  railties (3.2.11) lib/rails/application.rb:223:in `call'
  rack (1.4.5) lib/rack/content_length.rb:14:in `call'
  railties (3.2.11) lib/rails/rack/log_tailer.rb:17:in `call'
  rack (1.4.5) lib/rack/handler/webrick.rb:59:in `service'
  /Users/apple/.rbenv/versions/1.9.3-p374/lib/ruby/1.9.1/webrick/httpserver.rb:138:in `service'
  /Users/apple/.rbenv/versions/1.9.3-p374/lib/ruby/1.9.1/webrick/httpserver.rb:94:in `run'
  /Users/apple/.rbenv/versions/1.9.3-p374/lib/ruby/1.9.1/webrick/server.rb:191:in `block in start_thread'


  Rendered /Users/apple/.rbenv/versions/1.9.3-p374/lib/ruby/gems/1.9.1/gems/actionpack-3.2.11/lib/action_dispatch/middleware/templates/rescues/_trace.erb (2.8ms)
  Rendered /Users/apple/.rbenv/versions/1.9.3-p374/lib/ruby/gems/1.9.1/gems/actionpack-3.2.11/lib/action_dispatch/middleware/templates/rescues/_request_and_response.erb (50.0ms)
  Rendered /Users/apple/.rbenv/versions/1.9.3-p374/lib/ruby/gems/1.9.1/gems/actionpack-3.2.11/lib/action_dispatch/middleware/templates/rescues/diagnostics.erb within rescues/layout (81.8ms)
Connecting to database specified by database.yml
  [1m[36m (0.2ms)[0m  [1mselect sqlite_version(*)[0m
  [1m[35m (1.6ms)[0m  CREATE TABLE "schema_migrations" ("version" varchar(255) NOT NULL) 
  [1m[36m (1.1ms)[0m  [1mCREATE UNIQUE INDEX "unique_schema_migrations" ON "schema_migrations" ("version")[0m
  [1m[35m (32.1ms)[0m  SELECT "schema_migrations"."version" FROM "schema_migrations" 
Connecting to database specified by database.yml
  [1m[36m (4.0ms)[0m  [1mSELECT "schema_migrations"."version" FROM "schema_migrations" [0m
Migrating to DeviseCreateUsers (20130529073557)
  [1m[35m (0.0ms)[0m  select sqlite_version(*)
  [1m[36m (0.1ms)[0m  [1mbegin transaction[0m
  [1m[35m (0.7ms)[0m  CREATE TABLE "users" ("id" INTEGER PRIMARY KEY AUTOINCREMENT NOT NULL, "email" varchar(255) DEFAULT '' NOT NULL, "encrypted_password" varchar(255) DEFAULT '' NOT NULL, "reset_password_token" varchar(255), "reset_password_sent_at" datetime, "remember_created_at" datetime, "sign_in_count" integer DEFAULT 0, "current_sign_in_at" datetime, "last_sign_in_at" datetime, "current_sign_in_ip" varchar(255), "last_sign_in_ip" varchar(255), "created_at" datetime NOT NULL, "updated_at" datetime NOT NULL) 
  [1m[36m (1.2ms)[0m  [1mCREATE UNIQUE INDEX "index_users_on_email" ON "users" ("email")[0m
  [1m[35m (0.2ms)[0m  CREATE UNIQUE INDEX "index_users_on_reset_password_token" ON "users" ("reset_password_token")
  [1m[36m (0.2ms)[0m  [1mINSERT INTO "schema_migrations" ("version") VALUES ('20130529073557')[0m
  [1m[35m (1.4ms)[0m  commit transaction
Migrating to CreateRailsAdminHistoriesTable (20130529073558)
  [1m[36m (0.1ms)[0m  [1mbegin transaction[0m
  [1m[35m (0.7ms)[0m  CREATE TABLE "rails_admin_histories" ("id" INTEGER PRIMARY KEY AUTOINCREMENT NOT NULL, "message" text, "username" varchar(255), "item" integer, "table" varchar(255), "month" integer(2), "year" integer(5), "created_at" datetime NOT NULL, "updated_at" datetime NOT NULL) 
  [1m[36m (0.2ms)[0m  [1mCREATE INDEX "index_rails_admin_histories" ON "rails_admin_histories" ("item", "table", "month", "year")[0m
  [1m[35m (0.2ms)[0m  INSERT INTO "schema_migrations" ("version") VALUES ('20130529073558')
  [1m[36m (2.0ms)[0m  [1mcommit transaction[0m
Migrating to CreateVersions (20130530142925)
  [1m[35m (0.1ms)[0m  begin transaction
  [1m[36m (0.5ms)[0m  [1mCREATE TABLE "versions" ("id" INTEGER PRIMARY KEY AUTOINCREMENT NOT NULL, "item_type" varchar(255) NOT NULL, "item_id" integer NOT NULL, "event" varchar(255) NOT NULL, "whodunnit" varchar(255), "object" text, "created_at" datetime) [0m
  [1m[35m (0.2ms)[0m  CREATE INDEX "index_versions_on_item_type_and_item_id" ON "versions" ("item_type", "item_id")
  [1m[36m (0.1ms)[0m  [1mINSERT INTO "schema_migrations" ("version") VALUES ('20130530142925')[0m
  [1m[35m (1.4ms)[0m  commit transaction
Migrating to CreateGuarantors (20130713211519)
  [1m[36m (0.0ms)[0m  [1mbegin transaction[0m
  [1m[35m (0.4ms)[0m  CREATE TABLE "guarantors" ("id" INTEGER PRIMARY KEY AUTOINCREMENT NOT NULL, "name" varchar(255), "guarantor_kana" varchar(255), "guarantor_zip" varchar(255), "guarantor_address" varchar(255), "guarantor_tel" varchar(255), "relationship" varchar(255), "memo" text, "created_at" datetime NOT NULL, "updated_at" datetime NOT NULL) 
  [1m[36m (0.1ms)[0m  [1mINSERT INTO "schema_migrations" ("version") VALUES ('20130713211519')[0m
  [1m[35m (1.3ms)[0m  commit transaction
Migrating to CreateProspects (20130714144333)
  [1m[36m (0.0ms)[0m  [1mbegin transaction[0m
  [1m[35m (0.4ms)[0m  CREATE TABLE "prospects" ("id" INTEGER PRIMARY KEY AUTOINCREMENT NOT NULL, "aiit_member_id" integer, "received_date" date, "wished_program" varchar(255), "wished_material" varchar(255), "event" varchar(255), "visited_date" date, "contact_unnecessary" boolean, "applikation" varchar(255), "memo" text, "created_at" datetime NOT NULL, "updated_at" datetime NOT NULL) 
  [1m[36m (0.1ms)[0m  [1mINSERT INTO "schema_migrations" ("version") VALUES ('20130714144333')[0m
  [1m[35m (1.4ms)[0m  commit transaction
Migrating to CreateStudentLists (20130720045154)
  [1m[36m (0.0ms)[0m  [1mbegin transaction[0m
  [1m[35m (0.5ms)[0m  CREATE TABLE "student_lists" ("id" INTEGER PRIMARY KEY AUTOINCREMENT NOT NULL, "aiit_member_id" integer, "name" varchar(255), "classification" varchar(255), "grade" integer, "program" varchar(255), "student_account" varchar(255), "campus_email" varchar(255), "nationality" varchar(255), "visa" varchar(255), "entrance_date" date, "study_period" varchar(255), "graduation_date" date, "PBL_1st" varchar(255), "PBL_2nd" varchar(255), "PBL_teacher" varchar(255), "guarantor_id" integer, "memo" text, "created_at" datetime NOT NULL, "updated_at" datetime NOT NULL) 
  [1m[36m (0.1ms)[0m  [1mINSERT INTO "schema_migrations" ("version") VALUES ('20130720045154')[0m
  [1m[35m (1.3ms)[0m  commit transaction
Migrating to CreateTuitions (20130720050742)
  [1m[36m (0.1ms)[0m  [1mbegin transaction[0m
  [1m[35m (0.4ms)[0m  CREATE TABLE "tuitions" ("id" INTEGER PRIMARY KEY AUTOINCREMENT NOT NULL, "student_list_id" integer, "transfer_request" varchar(255), "first_term_reduction" varchar(255), "second_term_reduction" varchar(255), "scholarship_division" varchar(255), "loan_amount" varchar(255), "memo" text, "created_at" datetime NOT NULL, "updated_at" datetime NOT NULL) 
  [1m[36m (0.1ms)[0m  [1mINSERT INTO "schema_migrations" ("version") VALUES ('20130720050742')[0m
  [1m[35m (1.7ms)[0m  commit transaction
Migrating to CreateExamLists (20130720054955)
  [1m[36m (0.1ms)[0m  [1mbegin transaction[0m
  [1m[35m (0.5ms)[0m  CREATE TABLE "exam_lists" ("id" INTEGER PRIMARY KEY AUTOINCREMENT NOT NULL, "aiit_member_id" integer, "exam_no" varchar(255), "review_flg" boolean, "decision_reason" varchar(255), "citizen_of_tokyo" boolean, "examination" varchar(255), "exam_year" integer, "basic_knowledge" integer, "paper" integer, "presentation" integer, "interview" integer, "test_score" integer, "result" boolean, "memo" text, "created_at" datetime NOT NULL, "updated_at" datetime NOT NULL) 
  [1m[36m (0.1ms)[0m  [1mINSERT INTO "schema_migrations" ("version") VALUES ('20130720054955')[0m
  [1m[35m (1.6ms)[0m  commit transaction
Migrating to CreateAiitMembers (20131019055101)
  [1m[36m (0.1ms)[0m  [1mbegin transaction[0m
  [1m[35m (0.6ms)[0m  CREATE TABLE "aiit_members" ("id" INTEGER PRIMARY KEY AUTOINCREMENT NOT NULL, "name" varchar(255), "kana_name" varchar(255), "birthday" date, "gender" varchar(255), "memo" text, "created_at" datetime NOT NULL, "updated_at" datetime NOT NULL) 
  [1m[36m (0.2ms)[0m  [1mINSERT INTO "schema_migrations" ("version") VALUES ('20131019055101')[0m
  [1m[35m (1.7ms)[0m  commit transaction
Migrating to CreatePrivacies (20131019064242)
  [1m[36m (0.0ms)[0m  [1mbegin transaction[0m
  [1m[35m (0.5ms)[0m  CREATE TABLE "privacies" ("id" INTEGER PRIMARY KEY AUTOINCREMENT NOT NULL, "aiit_member_id" integer, "eng_name" varchar(255), "birthplace" varchar(255), "zip_code" varchar(255), "city" varchar(255), "block" varchar(255), "address" varchar(255), "building" varchar(255), "tel" varchar(255), "mobile" varchar(255), "pc_email" varchar(255), "mobile_email" varchar(255), "graduated_school" varchar(255), "department" varchar(255), "stream" varchar(255), "graduated_date" varchar(255), "new_graduates" boolean, "occupation" varchar(255), "company" varchar(255), "company_address" varchar(255), "work_period" varchar(255), "memo" text, "created_at" datetime NOT NULL, "updated_at" datetime NOT NULL) 
  [1m[36m (0.1ms)[0m  [1mINSERT INTO "schema_migrations" ("version") VALUES ('20131019064242')[0m
  [1m[35m (1.5ms)[0m  commit transaction
Migrating to CreateStatusRecords (20131019071107)
  [1m[36m (0.1ms)[0m  [1mbegin transaction[0m
  [1m[35m (0.6ms)[0m  CREATE TABLE "status_records" ("id" INTEGER PRIMARY KEY AUTOINCREMENT NOT NULL, "student_list_id" integer, "status" varchar(255), "absence_time" varchar(255), "beginning" date, "end" date, "absence_reason" varchar(255), "memo" text, "created_at" datetime NOT NULL, "updated_at" datetime NOT NULL) 
  [1m[36m (0.1ms)[0m  [1mINSERT INTO "schema_migrations" ("version") VALUES ('20131019071107')[0m
  [1m[35m (1.4ms)[0m  commit transaction
  [1m[36m (0.2ms)[0m  [1mSELECT "schema_migrations"."version" FROM "schema_migrations" [0m
Connecting to database specified by database.yml


Started GET "/" for 127.0.0.1 at 2013-11-07 21:48:01 +0900
Processing by RailsAdmin::MainController#dashboard as HTML
  [1m[36mUser Load (0.2ms)[0m  [1mSELECT "users".* FROM "users" WHERE "users"."id" = 1 LIMIT 1[0m
Completed 401 Unauthorized in 70ms


Started GET "/users/sign_in" for 127.0.0.1 at 2013-11-07 21:48:02 +0900
Processing by Devise::SessionsController#new as HTML
  Rendered devise/sessions/new.html.erb within layouts/devise (13.8ms)
Compiled application.js  (246ms)  (pid 56017)
Completed 200 OK in 843ms (Views: 821.9ms | ActiveRecord: 0.0ms)


Started GET "/assets/application.css?body=1" for 127.0.0.1 at 2013-11-07 21:48:03 +0900
Served asset /application.css - 304 Not Modified (35ms)


Started GET "/assets/guarantors.css?body=1" for 127.0.0.1 at 2013-11-07 21:48:03 +0900
Served asset /guarantors.css - 304 Not Modified (4ms)


Started GET "/assets/bootstrap_and_overrides.css?body=1" for 127.0.0.1 at 2013-11-07 21:48:03 +0900
Served asset /bootstrap_and_overrides.css - 304 Not Modified (6ms)


Started GET "/assets/exam_lists.css?body=1" for 127.0.0.1 at 2013-11-07 21:48:03 +0900
Served asset /exam_lists.css - 304 Not Modified (4ms)


Started GET "/assets/aiit_members.css?body=1" for 127.0.0.1 at 2013-11-07 21:48:03 +0900
Served asset /aiit_members.css - 304 Not Modified (3ms)


Started GET "/assets/privacies.css?body=1" for 127.0.0.1 at 2013-11-07 21:48:03 +0900
Served asset /privacies.css - 304 Not Modified (6ms)


Started GET "/assets/prospects.css?body=1" for 127.0.0.1 at 2013-11-07 21:48:03 +0900
Served asset /prospects.css - 304 Not Modified (4ms)


Started GET "/assets/scaffolds.css?body=1" for 127.0.0.1 at 2013-11-07 21:48:03 +0900
Served asset /scaffolds.css - 304 Not Modified (4ms)


Started GET "/assets/status_records.css?body=1" for 127.0.0.1 at 2013-11-07 21:48:03 +0900
Served asset /status_records.css - 304 Not Modified (4ms)


Started GET "/assets/student_lists.css?body=1" for 127.0.0.1 at 2013-11-07 21:48:03 +0900
Served asset /student_lists.css - 304 Not Modified (4ms)


Started GET "/assets/tuitions.css?body=1" for 127.0.0.1 at 2013-11-07 21:48:03 +0900
Served asset /tuitions.css - 304 Not Modified (2ms)


Started GET "/assets/jquery.js?body=1" for 127.0.0.1 at 2013-11-07 21:48:03 +0900
Served asset /jquery.js - 304 Not Modified (33ms)


Started GET "/assets/twitter/bootstrap/bootstrap-transition.js?body=1" for 127.0.0.1 at 2013-11-07 21:48:03 +0900
Served asset /twitter/bootstrap/bootstrap-transition.js - 304 Not Modified (3ms)


Started GET "/assets/jquery_ujs.js?body=1" for 127.0.0.1 at 2013-11-07 21:48:03 +0900
Served asset /jquery_ujs.js - 304 Not Modified (86ms)


Started GET "/assets/twitter/bootstrap/bootstrap-dropdown.js?body=1" for 127.0.0.1 at 2013-11-07 21:48:03 +0900
Served asset /twitter/bootstrap/bootstrap-dropdown.js - 304 Not Modified (6ms)


Started GET "/assets/twitter/bootstrap/bootstrap-modal.js?body=1" for 127.0.0.1 at 2013-11-07 21:48:03 +0900
Served asset /twitter/bootstrap/bootstrap-modal.js - 304 Not Modified (5ms)


Started GET "/assets/twitter/bootstrap/bootstrap-alert.js?body=1" for 127.0.0.1 at 2013-11-07 21:48:03 +0900
Served asset /twitter/bootstrap/bootstrap-alert.js - 304 Not Modified (5ms)


Started GET "/assets/twitter/bootstrap/bootstrap-scrollspy.js?body=1" for 127.0.0.1 at 2013-11-07 21:48:03 +0900
Served asset /twitter/bootstrap/bootstrap-scrollspy.js - 304 Not Modified (11ms)


Started GET "/assets/twitter/bootstrap/bootstrap-tab.js?body=1" for 127.0.0.1 at 2013-11-07 21:48:03 +0900
Served asset /twitter/bootstrap/bootstrap-tab.js - 304 Not Modified (5ms)


Started GET "/assets/twitter/bootstrap/bootstrap-tooltip.js?body=1" for 127.0.0.1 at 2013-11-07 21:48:03 +0900
Served asset /twitter/bootstrap/bootstrap-tooltip.js - 304 Not Modified (7ms)


Started GET "/assets/twitter/bootstrap/bootstrap-popover.js?body=1" for 127.0.0.1 at 2013-11-07 21:48:03 +0900
Served asset /twitter/bootstrap/bootstrap-popover.js - 304 Not Modified (9ms)


Started GET "/assets/twitter/bootstrap/bootstrap-button.js?body=1" for 127.0.0.1 at 2013-11-07 21:48:03 +0900
Served asset /twitter/bootstrap/bootstrap-button.js - 304 Not Modified (5ms)


Started GET "/assets/twitter/bootstrap/bootstrap-collapse.js?body=1" for 127.0.0.1 at 2013-11-07 21:48:03 +0900
Served asset /twitter/bootstrap/bootstrap-collapse.js - 304 Not Modified (9ms)


Started GET "/assets/twitter/bootstrap/bootstrap-carousel.js?body=1" for 127.0.0.1 at 2013-11-07 21:48:03 +0900
Served asset /twitter/bootstrap/bootstrap-carousel.js - 304 Not Modified (5ms)


Started GET "/assets/twitter/bootstrap/bootstrap-typeahead.js?body=1" for 127.0.0.1 at 2013-11-07 21:48:03 +0900
Served asset /twitter/bootstrap/bootstrap-typeahead.js - 304 Not Modified (6ms)


Started GET "/assets/twitter/bootstrap/bootstrap-affix.js?body=1" for 127.0.0.1 at 2013-11-07 21:48:03 +0900
Served asset /twitter/bootstrap/bootstrap-affix.js - 304 Not Modified (6ms)


Started GET "/assets/twitter/bootstrap.js?body=1" for 127.0.0.1 at 2013-11-07 21:48:03 +0900
Served asset /twitter/bootstrap.js - 304 Not Modified (41ms)


Started GET "/assets/aiit_members.js?body=1" for 127.0.0.1 at 2013-11-07 21:48:03 +0900
Served asset /aiit_members.js - 304 Not Modified (2ms)


Started GET "/assets/bootstrap.js?body=1" for 127.0.0.1 at 2013-11-07 21:48:03 +0900
Served asset /bootstrap.js - 304 Not Modified (6ms)


Started GET "/assets/exam_lists.js?body=1" for 127.0.0.1 at 2013-11-07 21:48:03 +0900
Served asset /exam_lists.js - 304 Not Modified (2ms)


Started GET "/assets/guarantors.js?body=1" for 127.0.0.1 at 2013-11-07 21:48:03 +0900
Served asset /guarantors.js - 304 Not Modified (2ms)


Started GET "/assets/privacies.js?body=1" for 127.0.0.1 at 2013-11-07 21:48:03 +0900
Served asset /privacies.js - 304 Not Modified (3ms)


Started GET "/assets/prospects.js?body=1" for 127.0.0.1 at 2013-11-07 21:48:03 +0900
Served asset /prospects.js - 304 Not Modified (5ms)


Started GET "/assets/status_records.js?body=1" for 127.0.0.1 at 2013-11-07 21:48:03 +0900
Served asset /status_records.js - 304 Not Modified (2ms)


Started GET "/assets/student_lists.js?body=1" for 127.0.0.1 at 2013-11-07 21:48:03 +0900
Served asset /student_lists.js - 304 Not Modified (2ms)


Started GET "/assets/tuitions.js?body=1" for 127.0.0.1 at 2013-11-07 21:48:03 +0900
Served asset /tuitions.js - 304 Not Modified (2ms)


Started GET "/assets/application.js?body=1" for 127.0.0.1 at 2013-11-07 21:48:03 +0900
Served asset /application.js - 304 Not Modified (47ms)


Started POST "/users/sign_in" for 127.0.0.1 at 2013-11-07 21:48:09 +0900
Processing by Devise::SessionsController#create as HTML
  Parameters: {"utf8"=>"✓", "authenticity_token"=>"h16DAL3u+/h5LZVxU3vzKavuL1JB96LKBoVHjYRpLN4=", "user"=>{"email"=>"user@example.com", "password"=>"[FILTERED]", "remember_me"=>"0"}, "commit"=>"Sign in"}
  [1m[35mUser Load (0.2ms)[0m  SELECT "users".* FROM "users" WHERE "users"."email" = 'user@example.com' LIMIT 1
Completed 401 Unauthorized in 19ms
Processing by Devise::SessionsController#new as HTML
  Parameters: {"utf8"=>"✓", "authenticity_token"=>"h16DAL3u+/h5LZVxU3vzKavuL1JB96LKBoVHjYRpLN4=", "user"=>{"email"=>"user@example.com", "password"=>"[FILTERED]", "remember_me"=>"0"}, "commit"=>"Sign in"}
  Rendered devise/sessions/new.html.erb within layouts/devise (3.5ms)
Completed 200 OK in 374ms (Views: 37.9ms | ActiveRecord: 0.0ms)


Started GET "/assets/application.css?body=1" for 127.0.0.1 at 2013-11-07 21:48:10 +0900
Served asset /application.css - 304 Not Modified (16ms)


Started GET "/assets/aiit_members.css?body=1" for 127.0.0.1 at 2013-11-07 21:48:10 +0900
Served asset /aiit_members.css - 304 Not Modified (0ms)


Started GET "/assets/bootstrap_and_overrides.css?body=1" for 127.0.0.1 at 2013-11-07 21:48:10 +0900
Served asset /bootstrap_and_overrides.css - 304 Not Modified (0ms)


Started GET "/assets/exam_lists.css?body=1" for 127.0.0.1 at 2013-11-07 21:48:10 +0900
Served asset /exam_lists.css - 304 Not Modified (0ms)


Started GET "/assets/privacies.css?body=1" for 127.0.0.1 at 2013-11-07 21:48:10 +0900
Served asset /privacies.css - 304 Not Modified (0ms)


Started GET "/assets/guarantors.css?body=1" for 127.0.0.1 at 2013-11-07 21:48:10 +0900
Served asset /guarantors.css - 304 Not Modified (4ms)


Started GET "/assets/prospects.css?body=1" for 127.0.0.1 at 2013-11-07 21:48:10 +0900
Served asset /prospects.css - 304 Not Modified (0ms)


Started GET "/assets/scaffolds.css?body=1" for 127.0.0.1 at 2013-11-07 21:48:10 +0900
Served asset /scaffolds.css - 304 Not Modified (3ms)


Started GET "/assets/status_records.css?body=1" for 127.0.0.1 at 2013-11-07 21:48:10 +0900
Served asset /status_records.css - 304 Not Modified (0ms)


Started GET "/assets/tuitions.css?body=1" for 127.0.0.1 at 2013-11-07 21:48:10 +0900
Served asset /tuitions.css - 304 Not Modified (0ms)


Started GET "/assets/student_lists.css?body=1" for 127.0.0.1 at 2013-11-07 21:48:10 +0900
Served asset /student_lists.css - 304 Not Modified (0ms)


Started GET "/assets/jquery_ujs.js?body=1" for 127.0.0.1 at 2013-11-07 21:48:10 +0900
Served asset /jquery_ujs.js - 304 Not Modified (0ms)


Started GET "/assets/jquery.js?body=1" for 127.0.0.1 at 2013-11-07 21:48:10 +0900
Served asset /jquery.js - 304 Not Modified (0ms)


Started GET "/assets/twitter/bootstrap/bootstrap-transition.js?body=1" for 127.0.0.1 at 2013-11-07 21:48:10 +0900
Served asset /twitter/bootstrap/bootstrap-transition.js - 304 Not Modified (0ms)


Started GET "/assets/twitter/bootstrap/bootstrap-modal.js?body=1" for 127.0.0.1 at 2013-11-07 21:48:10 +0900
Served asset /twitter/bootstrap/bootstrap-modal.js - 304 Not Modified (0ms)


Started GET "/assets/twitter/bootstrap/bootstrap-alert.js?body=1" for 127.0.0.1 at 2013-11-07 21:48:10 +0900
Served asset /twitter/bootstrap/bootstrap-alert.js - 304 Not Modified (0ms)


Started GET "/assets/twitter/bootstrap/bootstrap-dropdown.js?body=1" for 127.0.0.1 at 2013-11-07 21:48:10 +0900
Served asset /twitter/bootstrap/bootstrap-dropdown.js - 304 Not Modified (0ms)


Started GET "/assets/twitter/bootstrap/bootstrap-scrollspy.js?body=1" for 127.0.0.1 at 2013-11-07 21:48:10 +0900
Served asset /twitter/bootstrap/bootstrap-scrollspy.js - 304 Not Modified (0ms)


Started GET "/assets/twitter/bootstrap/bootstrap-tab.js?body=1" for 127.0.0.1 at 2013-11-07 21:48:10 +0900
Served asset /twitter/bootstrap/bootstrap-tab.js - 304 Not Modified (0ms)


Started GET "/assets/twitter/bootstrap/bootstrap-tooltip.js?body=1" for 127.0.0.1 at 2013-11-07 21:48:10 +0900
Served asset /twitter/bootstrap/bootstrap-tooltip.js - 304 Not Modified (0ms)


Started GET "/assets/twitter/bootstrap/bootstrap-popover.js?body=1" for 127.0.0.1 at 2013-11-07 21:48:10 +0900
Served asset /twitter/bootstrap/bootstrap-popover.js - 304 Not Modified (0ms)


Started GET "/assets/twitter/bootstrap/bootstrap-button.js?body=1" for 127.0.0.1 at 2013-11-07 21:48:10 +0900
Served asset /twitter/bootstrap/bootstrap-button.js - 304 Not Modified (0ms)


Started GET "/assets/twitter/bootstrap/bootstrap-collapse.js?body=1" for 127.0.0.1 at 2013-11-07 21:48:10 +0900
Served asset /twitter/bootstrap/bootstrap-collapse.js - 304 Not Modified (0ms)


Started GET "/assets/twitter/bootstrap/bootstrap-carousel.js?body=1" for 127.0.0.1 at 2013-11-07 21:48:10 +0900
Served asset /twitter/bootstrap/bootstrap-carousel.js - 304 Not Modified (0ms)


Started GET "/assets/twitter/bootstrap/bootstrap-typeahead.js?body=1" for 127.0.0.1 at 2013-11-07 21:48:10 +0900
Served asset /twitter/bootstrap/bootstrap-typeahead.js - 304 Not Modified (0ms)


Started GET "/assets/twitter/bootstrap/bootstrap-affix.js?body=1" for 127.0.0.1 at 2013-11-07 21:48:10 +0900
Served asset /twitter/bootstrap/bootstrap-affix.js - 304 Not Modified (0ms)


Started GET "/assets/twitter/bootstrap.js?body=1" for 127.0.0.1 at 2013-11-07 21:48:10 +0900
Served asset /twitter/bootstrap.js - 304 Not Modified (0ms)


Started GET "/assets/aiit_members.js?body=1" for 127.0.0.1 at 2013-11-07 21:48:10 +0900
Served asset /aiit_members.js - 304 Not Modified (3ms)


Started GET "/assets/bootstrap.js?body=1" for 127.0.0.1 at 2013-11-07 21:48:10 +0900
Served asset /bootstrap.js - 304 Not Modified (11ms)


Started GET "/assets/exam_lists.js?body=1" for 127.0.0.1 at 2013-11-07 21:48:10 +0900
Served asset /exam_lists.js - 304 Not Modified (3ms)


Started GET "/assets/prospects.js?body=1" for 127.0.0.1 at 2013-11-07 21:48:10 +0900
Served asset /prospects.js - 304 Not Modified (0ms)


Started GET "/assets/guarantors.js?body=1" for 127.0.0.1 at 2013-11-07 21:48:10 +0900
Served asset /guarantors.js - 304 Not Modified (3ms)


Started GET "/assets/privacies.js?body=1" for 127.0.0.1 at 2013-11-07 21:48:10 +0900
Served asset /privacies.js - 304 Not Modified (3ms)


Started GET "/assets/status_records.js?body=1" for 127.0.0.1 at 2013-11-07 21:48:10 +0900
Served asset /status_records.js - 304 Not Modified (0ms)


Started GET "/assets/student_lists.js?body=1" for 127.0.0.1 at 2013-11-07 21:48:10 +0900
Served asset /student_lists.js - 304 Not Modified (0ms)


Started GET "/assets/tuitions.js?body=1" for 127.0.0.1 at 2013-11-07 21:48:10 +0900
Served asset /tuitions.js - 304 Not Modified (0ms)


Started GET "/assets/application.js?body=1" for 127.0.0.1 at 2013-11-07 21:48:10 +0900
Served asset /application.js - 304 Not Modified (1ms)
Connecting to database specified by database.yml
  [1m[36m (4.3ms)[0m  [1mSELECT "schema_migrations"."version" FROM "schema_migrations" [0m
  [1m[35m (0.1ms)[0m  begin transaction
  [1m[36mUser Exists (0.2ms)[0m  [1mSELECT 1 AS one FROM "users" WHERE "users"."email" = 'user@example.com' LIMIT 1[0m
Binary data inserted for `string` type on column `encrypted_password`
  [1m[35mSQL (36.5ms)[0m  INSERT INTO "users" ("created_at", "current_sign_in_at", "current_sign_in_ip", "email", "encrypted_password", "last_sign_in_at", "last_sign_in_ip", "remember_created_at", "reset_password_sent_at", "reset_password_token", "sign_in_count", "updated_at") VALUES (?, ?, ?, ?, ?, ?, ?, ?, ?, ?, ?, ?)  [["created_at", Thu, 07 Nov 2013 21:48:25 JST +09:00], ["current_sign_in_at", nil], ["current_sign_in_ip", nil], ["email", "user@example.com"], ["encrypted_password", "$2a$10$QFtlQFCzuaqAXmCV9pa3meEhGnDEJlupcNNjrkrOgeYnnfA.h3erq"], ["last_sign_in_at", nil], ["last_sign_in_ip", nil], ["remember_created_at", nil], ["reset_password_sent_at", nil], ["reset_password_token", nil], ["sign_in_count", 0], ["updated_at", Thu, 07 Nov 2013 21:48:25 JST +09:00]]
  [1m[36m (1.8ms)[0m  [1mcommit transaction[0m
Connecting to database specified by database.yml


Started POST "/users/sign_in" for 127.0.0.1 at 2013-11-07 21:48:41 +0900
Processing by Devise::SessionsController#create as HTML
  Parameters: {"utf8"=>"✓", "authenticity_token"=>"h16DAL3u+/h5LZVxU3vzKavuL1JB96LKBoVHjYRpLN4=", "user"=>{"email"=>"user@example.com", "password"=>"[FILTERED]", "remember_me"=>"0"}, "commit"=>"Sign in"}
  [1m[36mUser Load (0.2ms)[0m  [1mSELECT "users".* FROM "users" WHERE "users"."email" = 'user@example.com' LIMIT 1[0m
  [1m[35m (0.1ms)[0m  begin transaction
  [1m[36m (5.1ms)[0m  [1mUPDATE "users" SET "last_sign_in_at" = '2013-11-07 12:48:42.202490', "current_sign_in_at" = '2013-11-07 12:48:42.202490', "last_sign_in_ip" = '127.0.0.1', "current_sign_in_ip" = '127.0.0.1', "sign_in_count" = 1, "updated_at" = '2013-11-07 12:48:42.207713' WHERE "users"."id" = 1[0m
  [1m[35m (30.8ms)[0m  commit transaction
Redirected to http://localhost:3000/
Completed 302 Found in 754ms (ActiveRecord: 0.0ms)


Started GET "/" for 127.0.0.1 at 2013-11-07 21:48:42 +0900
Processing by RailsAdmin::MainController#dashboard as HTML
  [1m[36mUser Load (0.3ms)[0m  [1mSELECT "users".* FROM "users" WHERE "users"."id" = 1 LIMIT 1[0m
  [1m[35m (0.1ms)[0m  SELECT COUNT(*) FROM "aiit_members" 
  [1m[36mAiitMember Load (0.2ms)[0m  [1mSELECT "aiit_members".* FROM "aiit_members" ORDER BY aiit_members.updated_at desc LIMIT 1[0m
  [1m[35m (0.1ms)[0m  SELECT COUNT(*) FROM "users" 
  [1m[36mUser Load (0.2ms)[0m  [1mSELECT "users".* FROM "users" ORDER BY users.updated_at desc LIMIT 1[0m
  [1m[35m (0.1ms)[0m  SELECT COUNT(*) FROM "guarantors" 
  [1m[36mGuarantor Load (0.2ms)[0m  [1mSELECT "guarantors".* FROM "guarantors" ORDER BY guarantors.updated_at desc LIMIT 1[0m
  [1m[35m (0.1ms)[0m  SELECT COUNT(*) FROM "privacies" 
  [1m[36mPrivacy Load (0.2ms)[0m  [1mSELECT "privacies".* FROM "privacies" ORDER BY privacies.updated_at desc LIMIT 1[0m
  [1m[35m (0.1ms)[0m  SELECT COUNT(*) FROM "exam_lists" 
  [1m[36mExamList Load (0.2ms)[0m  [1mSELECT "exam_lists".* FROM "exam_lists" ORDER BY exam_lists.updated_at desc LIMIT 1[0m
  [1m[35m (0.1ms)[0m  SELECT COUNT(*) FROM "student_lists" 
  [1m[36mStudentList Load (0.4ms)[0m  [1mSELECT "student_lists".* FROM "student_lists" ORDER BY student_lists.updated_at desc LIMIT 1[0m
  [1m[35m (0.1ms)[0m  SELECT COUNT(*) FROM "tuitions" 
  [1m[36mTuition Load (0.3ms)[0m  [1mSELECT "tuitions".* FROM "tuitions" ORDER BY tuitions.updated_at desc LIMIT 1[0m
  [1m[35m (0.1ms)[0m  SELECT COUNT(*) FROM "prospects" 
  [1m[36mProspect Load (0.3ms)[0m  [1mSELECT "prospects".* FROM "prospects" ORDER BY prospects.updated_at desc LIMIT 1[0m
  [1m[35m (0.1ms)[0m  SELECT COUNT(*) FROM "status_records" 
  [1m[36mStatusRecord Load (0.3ms)[0m  [1mSELECT "status_records".* FROM "status_records" ORDER BY status_records.updated_at desc LIMIT 1[0m
  [1m[35mRailsAdmin::History Load (0.2ms)[0m  SELECT "rails_admin_histories".* FROM "rails_admin_histories" ORDER BY id DESC LIMIT 100
  Rendered /Users/apple/.rbenv/versions/1.9.3-p374/lib/ruby/gems/1.9.1/gems/rails_admin-0.4.9/app/views/rails_admin/main/_dashboard_history.html.haml (8.5ms)
  Rendered /Users/apple/.rbenv/versions/1.9.3-p374/lib/ruby/gems/1.9.1/gems/rails_admin-0.4.9/app/views/rails_admin/main/dashboard.html.haml within layouts/rails_admin/application (168.5ms)
  Rendered layouts/rails_admin/_secondary_navigation.html.haml (8.9ms)
  Rendered layouts/rails_admin/pjax.html.haml (8.2ms)
Completed 200 OK in 1222ms (Views: 759.9ms | ActiveRecord: 7.7ms)


Started GET "/assets/rails_admin/rails_admin.css?body=1" for 127.0.0.1 at 2013-11-07 21:48:44 +0900
Served asset /rails_admin/rails_admin.css - 304 Not Modified (81ms)


Started GET "/assets/jquery.iframe-transport.js?body=1" for 127.0.0.1 at 2013-11-07 21:48:44 +0900
Served asset /jquery.iframe-transport.js - 304 Not Modified (6ms)


Started GET "/assets/jquery_ujs.js?body=1" for 127.0.0.1 at 2013-11-07 21:48:44 +0900
Served asset /jquery_ujs.js - 304 Not Modified (12ms)


Started GET "/assets/rails_admin/jquery.remotipart.fixed.js?body=1" for 127.0.0.1 at 2013-11-07 21:48:44 +0900
Served asset /rails_admin/jquery.remotipart.fixed.js - 304 Not Modified (12ms)


Started GET "/assets/jquery.ui.effect.js?body=1" for 127.0.0.1 at 2013-11-07 21:48:44 +0900
Served asset /jquery.ui.effect.js - 304 Not Modified (7ms)


Started GET "/assets/jquery.js?body=1" for 127.0.0.1 at 2013-11-07 21:48:44 +0900
Served asset /jquery.js - 304 Not Modified (25ms)


Started GET "/assets/jquery.ui.core.js?body=1" for 127.0.0.1 at 2013-11-07 21:48:44 +0900
Served asset /jquery.ui.core.js - 304 Not Modified (10ms)


Started GET "/assets/jquery.ui.widget.js?body=1" for 127.0.0.1 at 2013-11-07 21:48:44 +0900
Served asset /jquery.ui.widget.js - 304 Not Modified (7ms)


Started GET "/assets/jquery.ui.mouse.js?body=1" for 127.0.0.1 at 2013-11-07 21:48:44 +0900
Served asset /jquery.ui.mouse.js - 304 Not Modified (18ms)


Started GET "/assets/jquery.ui.sortable.js?body=1" for 127.0.0.1 at 2013-11-07 21:48:44 +0900
Served asset /jquery.ui.sortable.js - 304 Not Modified (24ms)


Started GET "/assets/jquery.ui.position.js?body=1" for 127.0.0.1 at 2013-11-07 21:48:44 +0900
Served asset /jquery.ui.position.js - 304 Not Modified (7ms)


Started GET "/assets/jquery.ui.menu.js?body=1" for 127.0.0.1 at 2013-11-07 21:48:44 +0900
Served asset /jquery.ui.menu.js - 304 Not Modified (21ms)


Started GET "/assets/jquery.ui.autocomplete.js?body=1" for 127.0.0.1 at 2013-11-07 21:48:44 +0900
Served asset /jquery.ui.autocomplete.js - 304 Not Modified (27ms)


Started GET "/assets/jquery.ui.datepicker.js?body=1" for 127.0.0.1 at 2013-11-07 21:48:44 +0900
Served asset /jquery.ui.datepicker.js - 304 Not Modified (73ms)


Started GET "/assets/rails_admin/jquery.ui.timepicker.js?body=1" for 127.0.0.1 at 2013-11-07 21:48:44 +0900
Served asset /rails_admin/jquery.ui.timepicker.js - 304 Not Modified (5ms)


Started GET "/assets/rails_admin/ra.datetimepicker.js?body=1" for 127.0.0.1 at 2013-11-07 21:48:44 +0900
Served asset /rails_admin/ra.datetimepicker.js - 304 Not Modified (5ms)


Started GET "/assets/rails_admin/jquery.colorpicker.js?body=1" for 127.0.0.1 at 2013-11-07 21:48:44 +0900
Served asset /rails_admin/jquery.colorpicker.js - 304 Not Modified (4ms)


Started GET "/assets/rails_admin/ra.filter-box.js?body=1" for 127.0.0.1 at 2013-11-07 21:48:44 +0900
Served asset /rails_admin/ra.filter-box.js - 304 Not Modified (4ms)


Started GET "/assets/rails_admin/ra.filtering-multiselect.js?body=1" for 127.0.0.1 at 2013-11-07 21:48:44 +0900
Served asset /rails_admin/ra.filtering-multiselect.js - 304 Not Modified (4ms)


Started GET "/assets/rails_admin/ra.filtering-select.js?body=1" for 127.0.0.1 at 2013-11-07 21:48:44 +0900
Served asset /rails_admin/ra.filtering-select.js - 304 Not Modified (4ms)


Started GET "/assets/rails_admin/ra.remote-form.js?body=1" for 127.0.0.1 at 2013-11-07 21:48:44 +0900
Served asset /rails_admin/ra.remote-form.js - 304 Not Modified (3ms)


Started GET "/assets/rails_admin/jquery.pjax.js?body=1" for 127.0.0.1 at 2013-11-07 21:48:44 +0900
Served asset /rails_admin/jquery.pjax.js - 304 Not Modified (4ms)


Started GET "/assets/jquery_nested_form.js?body=1" for 127.0.0.1 at 2013-11-07 21:48:44 +0900
Served asset /jquery_nested_form.js - 304 Not Modified (8ms)


Started GET "/assets/rails_admin/ra.nested-form-hooks.js?body=1" for 127.0.0.1 at 2013-11-07 21:48:44 +0900
Served asset /rails_admin/ra.nested-form-hooks.js - 304 Not Modified (4ms)


Started GET "/assets/bootstrap.js?body=1" for 127.0.0.1 at 2013-11-07 21:48:44 +0900
Served asset /bootstrap.js - 304 Not Modified (7ms)


Started GET "/assets/rails_admin/ra.widgets.js?body=1" for 127.0.0.1 at 2013-11-07 21:48:44 +0900
Served asset /rails_admin/ra.widgets.js - 304 Not Modified (4ms)


Started GET "/assets/rails_admin/ui.js?body=1" for 127.0.0.1 at 2013-11-07 21:48:44 +0900
Served asset /rails_admin/ui.js - 304 Not Modified (5ms)


Started GET "/assets/rails_admin/custom/ui.js?body=1" for 127.0.0.1 at 2013-11-07 21:48:44 +0900
Served asset /rails_admin/custom/ui.js - 304 Not Modified (6ms)


Started GET "/assets/rails_admin/rails_admin.js?body=1" for 127.0.0.1 at 2013-11-07 21:48:44 +0900
Served asset /rails_admin/rails_admin.js - 304 Not Modified (67ms)


Started GET "/assets/rails_admin/ra.i18n.js" for 127.0.0.1 at 2013-11-07 21:48:44 +0900
Served asset /rails_admin/ra.i18n.js - 404 Not Found (10ms)

ActionController::RoutingError (No route matches [GET] "/assets/rails_admin/ra.i18n.js"):
  actionpack (3.2.11) lib/action_dispatch/middleware/debug_exceptions.rb:21:in `call'
  actionpack (3.2.11) lib/action_dispatch/middleware/show_exceptions.rb:56:in `call'
  railties (3.2.11) lib/rails/rack/logger.rb:32:in `call_app'
  railties (3.2.11) lib/rails/rack/logger.rb:16:in `block in call'
  activesupport (3.2.11) lib/active_support/tagged_logging.rb:22:in `tagged'
  railties (3.2.11) lib/rails/rack/logger.rb:16:in `call'
  actionpack (3.2.11) lib/action_dispatch/middleware/request_id.rb:22:in `call'
  rack (1.4.5) lib/rack/methodoverride.rb:21:in `call'
  rack (1.4.5) lib/rack/runtime.rb:17:in `call'
  activesupport (3.2.11) lib/active_support/cache/strategy/local_cache.rb:72:in `call'
  rack (1.4.5) lib/rack/lock.rb:15:in `call'
  actionpack (3.2.11) lib/action_dispatch/middleware/static.rb:62:in `call'
  railties (3.2.11) lib/rails/engine.rb:479:in `call'
  railties (3.2.11) lib/rails/application.rb:223:in `call'
  rack (1.4.5) lib/rack/content_length.rb:14:in `call'
  railties (3.2.11) lib/rails/rack/log_tailer.rb:17:in `call'
  rack (1.4.5) lib/rack/handler/webrick.rb:59:in `service'
  /Users/apple/.rbenv/versions/1.9.3-p374/lib/ruby/1.9.1/webrick/httpserver.rb:138:in `service'
  /Users/apple/.rbenv/versions/1.9.3-p374/lib/ruby/1.9.1/webrick/httpserver.rb:94:in `run'
  /Users/apple/.rbenv/versions/1.9.3-p374/lib/ruby/1.9.1/webrick/server.rb:191:in `block in start_thread'


  Rendered /Users/apple/.rbenv/versions/1.9.3-p374/lib/ruby/gems/1.9.1/gems/actionpack-3.2.11/lib/action_dispatch/middleware/templates/rescues/routing_error.erb within rescues/layout (1.6ms)


Started GET "/assets/twitter/bootstrap/bootstrap-transition.js?body=1" for 127.0.0.1 at 2013-11-07 21:48:44 +0900
Served asset /twitter/bootstrap/bootstrap-transition.js - 304 Not Modified (4ms)


Started GET "/assets/twitter/bootstrap/bootstrap-alert.js?body=1" for 127.0.0.1 at 2013-11-07 21:48:44 +0900
Served asset /twitter/bootstrap/bootstrap-alert.js - 304 Not Modified (3ms)


Started GET "/assets/twitter/bootstrap/bootstrap-modal.js?body=1" for 127.0.0.1 at 2013-11-07 21:48:44 +0900
Served asset /twitter/bootstrap/bootstrap-modal.js - 304 Not Modified (4ms)


Started GET "/assets/twitter/bootstrap/bootstrap-dropdown.js?body=1" for 127.0.0.1 at 2013-11-07 21:48:44 +0900
Served asset /twitter/bootstrap/bootstrap-dropdown.js - 304 Not Modified (3ms)


Started GET "/assets/twitter/bootstrap/bootstrap-scrollspy.js?body=1" for 127.0.0.1 at 2013-11-07 21:48:44 +0900
Served asset /twitter/bootstrap/bootstrap-scrollspy.js - 304 Not Modified (4ms)


Started GET "/assets/twitter/bootstrap/bootstrap-tab.js?body=1" for 127.0.0.1 at 2013-11-07 21:48:44 +0900
Served asset /twitter/bootstrap/bootstrap-tab.js - 304 Not Modified (3ms)


Started GET "/assets/twitter/bootstrap/bootstrap-tooltip.js?body=1" for 127.0.0.1 at 2013-11-07 21:48:44 +0900
Served asset /twitter/bootstrap/bootstrap-tooltip.js - 304 Not Modified (3ms)


Started GET "/assets/twitter/bootstrap/bootstrap-popover.js?body=1" for 127.0.0.1 at 2013-11-07 21:48:44 +0900
Served asset /twitter/bootstrap/bootstrap-popover.js - 304 Not Modified (5ms)


Started GET "/assets/twitter/bootstrap/bootstrap-button.js?body=1" for 127.0.0.1 at 2013-11-07 21:48:44 +0900
Served asset /twitter/bootstrap/bootstrap-button.js - 304 Not Modified (4ms)


Started GET "/assets/twitter/bootstrap/bootstrap-collapse.js?body=1" for 127.0.0.1 at 2013-11-07 21:48:44 +0900
Served asset /twitter/bootstrap/bootstrap-collapse.js - 304 Not Modified (6ms)


Started GET "/assets/twitter/bootstrap/bootstrap-carousel.js?body=1" for 127.0.0.1 at 2013-11-07 21:48:45 +0900
Served asset /twitter/bootstrap/bootstrap-carousel.js - 304 Not Modified (3ms)


Started GET "/assets/twitter/bootstrap/bootstrap-typeahead.js?body=1" for 127.0.0.1 at 2013-11-07 21:48:45 +0900
Served asset /twitter/bootstrap/bootstrap-typeahead.js - 304 Not Modified (6ms)


Started GET "/assets/twitter/bootstrap/bootstrap-affix.js?body=1" for 127.0.0.1 at 2013-11-07 21:48:45 +0900
Served asset /twitter/bootstrap/bootstrap-affix.js - 304 Not Modified (3ms)


Started GET "/assets/twitter/bootstrap.js?body=1" for 127.0.0.1 at 2013-11-07 21:48:45 +0900
Served asset /twitter/bootstrap.js - 304 Not Modified (32ms)


Started GET "/assets/fontawesome-webfont.woff" for 127.0.0.1 at 2013-11-07 21:48:45 +0900
Served asset /fontawesome-webfont.woff - 304 Not Modified (92ms)


Started GET "/users/sign_in" for 127.0.0.1 at 2013-11-07 21:52:48 +0900
Processing by Devise::SessionsController#new as HTML
  [1m[36mUser Load (0.2ms)[0m  [1mSELECT "users".* FROM "users" WHERE "users"."id" = 1 LIMIT 1[0m
Redirected to http://localhost:3000/
Filter chain halted as :require_no_authentication rendered or redirected
Completed 302 Found in 3ms (ActiveRecord: 0.2ms)


Started GET "/" for 127.0.0.1 at 2013-11-07 21:53:44 +0900
Processing by RailsAdmin::MainController#dashboard as HTML
  [1m[35mUser Load (0.2ms)[0m  SELECT "users".* FROM "users" WHERE "users"."id" = 1 LIMIT 1
  [1m[36m (0.2ms)[0m  [1mSELECT COUNT(*) FROM "aiit_members" [0m
  [1m[35mAiitMember Load (0.3ms)[0m  SELECT "aiit_members".* FROM "aiit_members" ORDER BY aiit_members.updated_at desc LIMIT 1
  [1m[36m (0.2ms)[0m  [1mSELECT COUNT(*) FROM "users" [0m
  [1m[35mUser Load (0.3ms)[0m  SELECT "users".* FROM "users" ORDER BY users.updated_at desc LIMIT 1
  [1m[36m (0.2ms)[0m  [1mSELECT COUNT(*) FROM "guarantors" [0m
  [1m[35mGuarantor Load (0.3ms)[0m  SELECT "guarantors".* FROM "guarantors" ORDER BY guarantors.updated_at desc LIMIT 1
  [1m[36m (0.1ms)[0m  [1mSELECT COUNT(*) FROM "privacies" [0m
  [1m[35mPrivacy Load (0.3ms)[0m  SELECT "privacies".* FROM "privacies" ORDER BY privacies.updated_at desc LIMIT 1
  [1m[36m (0.1ms)[0m  [1mSELECT COUNT(*) FROM "exam_lists" [0m
  [1m[35mExamList Load (0.3ms)[0m  SELECT "exam_lists".* FROM "exam_lists" ORDER BY exam_lists.updated_at desc LIMIT 1
  [1m[36m (0.1ms)[0m  [1mSELECT COUNT(*) FROM "student_lists" [0m
  [1m[35mStudentList Load (0.4ms)[0m  SELECT "student_lists".* FROM "student_lists" ORDER BY student_lists.updated_at desc LIMIT 1
  [1m[36m (0.1ms)[0m  [1mSELECT COUNT(*) FROM "tuitions" [0m
  [1m[35mTuition Load (0.3ms)[0m  SELECT "tuitions".* FROM "tuitions" ORDER BY tuitions.updated_at desc LIMIT 1
  [1m[36m (0.2ms)[0m  [1mSELECT COUNT(*) FROM "prospects" [0m
  [1m[35mProspect Load (0.3ms)[0m  SELECT "prospects".* FROM "prospects" ORDER BY prospects.updated_at desc LIMIT 1
  [1m[36m (0.2ms)[0m  [1mSELECT COUNT(*) FROM "status_records" [0m
  [1m[35mStatusRecord Load (0.3ms)[0m  SELECT "status_records".* FROM "status_records" ORDER BY status_records.updated_at desc LIMIT 1
  [1m[36mRailsAdmin::History Load (0.2ms)[0m  [1mSELECT "rails_admin_histories".* FROM "rails_admin_histories" ORDER BY id DESC LIMIT 100[0m
  Rendered /Users/apple/.rbenv/versions/1.9.3-p374/lib/ruby/gems/1.9.1/gems/rails_admin-0.4.9/app/views/rails_admin/main/_dashboard_history.html.haml (2.1ms)
  Rendered /Users/apple/.rbenv/versions/1.9.3-p374/lib/ruby/gems/1.9.1/gems/rails_admin-0.4.9/app/views/rails_admin/main/dashboard.html.haml within layouts/rails_admin/application (94.7ms)
  Rendered layouts/rails_admin/_secondary_navigation.html.haml (9.0ms)
  Rendered layouts/rails_admin/pjax.html.haml (3.4ms)
Completed 200 OK in 222ms (Views: 182.0ms | ActiveRecord: 4.5ms)


Started GET "/assets/rails_admin/rails_admin.css?body=1" for 127.0.0.1 at 2013-11-07 21:53:45 +0900
Served asset /rails_admin/rails_admin.css - 304 Not Modified (1ms)


Started GET "/assets/jquery_ujs.js?body=1" for 127.0.0.1 at 2013-11-07 21:53:45 +0900
Served asset /jquery_ujs.js - 304 Not Modified (0ms)


Started GET "/assets/jquery.ui.effect.js?body=1" for 127.0.0.1 at 2013-11-07 21:53:45 +0900
Served asset /jquery.ui.effect.js - 304 Not Modified (0ms)


Started GET "/assets/rails_admin/jquery.remotipart.fixed.js?body=1" for 127.0.0.1 at 2013-11-07 21:53:45 +0900
Served asset /rails_admin/jquery.remotipart.fixed.js - 304 Not Modified (0ms)


Started GET "/assets/jquery.iframe-transport.js?body=1" for 127.0.0.1 at 2013-11-07 21:53:45 +0900
Served asset /jquery.iframe-transport.js - 304 Not Modified (0ms)


Started GET "/assets/jquery.js?body=1" for 127.0.0.1 at 2013-11-07 21:53:45 +0900
Served asset /jquery.js - 304 Not Modified (0ms)


Started GET "/assets/jquery.ui.core.js?body=1" for 127.0.0.1 at 2013-11-07 21:53:45 +0900
Served asset /jquery.ui.core.js - 304 Not Modified (0ms)


Started GET "/assets/jquery.ui.widget.js?body=1" for 127.0.0.1 at 2013-11-07 21:53:45 +0900
Served asset /jquery.ui.widget.js - 304 Not Modified (0ms)


Started GET "/assets/jquery.ui.mouse.js?body=1" for 127.0.0.1 at 2013-11-07 21:53:45 +0900
Served asset /jquery.ui.mouse.js - 304 Not Modified (0ms)


Started GET "/assets/jquery.ui.sortable.js?body=1" for 127.0.0.1 at 2013-11-07 21:53:45 +0900
Served asset /jquery.ui.sortable.js - 304 Not Modified (0ms)


Started GET "/assets/jquery.ui.position.js?body=1" for 127.0.0.1 at 2013-11-07 21:53:45 +0900
Served asset /jquery.ui.position.js - 304 Not Modified (0ms)


Started GET "/assets/jquery.ui.menu.js?body=1" for 127.0.0.1 at 2013-11-07 21:53:45 +0900
Served asset /jquery.ui.menu.js - 304 Not Modified (0ms)


Started GET "/assets/jquery.ui.autocomplete.js?body=1" for 127.0.0.1 at 2013-11-07 21:53:45 +0900
Served asset /jquery.ui.autocomplete.js - 304 Not Modified (0ms)


Started GET "/assets/jquery.ui.datepicker.js?body=1" for 127.0.0.1 at 2013-11-07 21:53:45 +0900
Served asset /jquery.ui.datepicker.js - 304 Not Modified (0ms)


Started GET "/assets/rails_admin/jquery.ui.timepicker.js?body=1" for 127.0.0.1 at 2013-11-07 21:53:45 +0900
Served asset /rails_admin/jquery.ui.timepicker.js - 304 Not Modified (0ms)


Started GET "/assets/rails_admin/ra.datetimepicker.js?body=1" for 127.0.0.1 at 2013-11-07 21:53:45 +0900
Served asset /rails_admin/ra.datetimepicker.js - 304 Not Modified (0ms)


Started GET "/assets/rails_admin/jquery.colorpicker.js?body=1" for 127.0.0.1 at 2013-11-07 21:53:45 +0900
Served asset /rails_admin/jquery.colorpicker.js - 304 Not Modified (0ms)


Started GET "/assets/rails_admin/ra.filter-box.js?body=1" for 127.0.0.1 at 2013-11-07 21:53:45 +0900
Served asset /rails_admin/ra.filter-box.js - 304 Not Modified (0ms)


Started GET "/assets/rails_admin/ra.filtering-multiselect.js?body=1" for 127.0.0.1 at 2013-11-07 21:53:45 +0900
Served asset /rails_admin/ra.filtering-multiselect.js - 304 Not Modified (0ms)


Started GET "/assets/rails_admin/ra.filtering-select.js?body=1" for 127.0.0.1 at 2013-11-07 21:53:45 +0900
Served asset /rails_admin/ra.filtering-select.js - 304 Not Modified (0ms)


Started GET "/assets/rails_admin/ra.remote-form.js?body=1" for 127.0.0.1 at 2013-11-07 21:53:45 +0900
Served asset /rails_admin/ra.remote-form.js - 304 Not Modified (0ms)


Started GET "/assets/rails_admin/jquery.pjax.js?body=1" for 127.0.0.1 at 2013-11-07 21:53:45 +0900
Served asset /rails_admin/jquery.pjax.js - 304 Not Modified (0ms)


Started GET "/assets/jquery_nested_form.js?body=1" for 127.0.0.1 at 2013-11-07 21:53:45 +0900
Served asset /jquery_nested_form.js - 304 Not Modified (0ms)


Started GET "/assets/rails_admin/ra.nested-form-hooks.js?body=1" for 127.0.0.1 at 2013-11-07 21:53:45 +0900
Served asset /rails_admin/ra.nested-form-hooks.js - 304 Not Modified (0ms)


Started GET "/assets/bootstrap.js?body=1" for 127.0.0.1 at 2013-11-07 21:53:45 +0900
Served asset /bootstrap.js - 304 Not Modified (7ms)


Started GET "/assets/rails_admin/ra.widgets.js?body=1" for 127.0.0.1 at 2013-11-07 21:53:45 +0900
Served asset /rails_admin/ra.widgets.js - 304 Not Modified (0ms)


Started GET "/assets/rails_admin/ui.js?body=1" for 127.0.0.1 at 2013-11-07 21:53:45 +0900
Served asset /rails_admin/ui.js - 304 Not Modified (0ms)


Started GET "/assets/rails_admin/rails_admin.js?body=1" for 127.0.0.1 at 2013-11-07 21:53:45 +0900
Served asset /rails_admin/rails_admin.js - 304 Not Modified (1ms)


Started GET "/assets/rails_admin/custom/ui.js?body=1" for 127.0.0.1 at 2013-11-07 21:53:45 +0900
Served asset /rails_admin/custom/ui.js - 304 Not Modified (0ms)


Started GET "/assets/rails_admin/ra.i18n.js" for 127.0.0.1 at 2013-11-07 21:53:45 +0900
Served asset /rails_admin/ra.i18n.js - 404 Not Found (14ms)

ActionController::RoutingError (No route matches [GET] "/assets/rails_admin/ra.i18n.js"):
  actionpack (3.2.11) lib/action_dispatch/middleware/debug_exceptions.rb:21:in `call'
  actionpack (3.2.11) lib/action_dispatch/middleware/show_exceptions.rb:56:in `call'
  railties (3.2.11) lib/rails/rack/logger.rb:32:in `call_app'
  railties (3.2.11) lib/rails/rack/logger.rb:16:in `block in call'
  activesupport (3.2.11) lib/active_support/tagged_logging.rb:22:in `tagged'
  railties (3.2.11) lib/rails/rack/logger.rb:16:in `call'
  actionpack (3.2.11) lib/action_dispatch/middleware/request_id.rb:22:in `call'
  rack (1.4.5) lib/rack/methodoverride.rb:21:in `call'
  rack (1.4.5) lib/rack/runtime.rb:17:in `call'
  activesupport (3.2.11) lib/active_support/cache/strategy/local_cache.rb:72:in `call'
  rack (1.4.5) lib/rack/lock.rb:15:in `call'
  actionpack (3.2.11) lib/action_dispatch/middleware/static.rb:62:in `call'
  railties (3.2.11) lib/rails/engine.rb:479:in `call'
  railties (3.2.11) lib/rails/application.rb:223:in `call'
  rack (1.4.5) lib/rack/content_length.rb:14:in `call'
  railties (3.2.11) lib/rails/rack/log_tailer.rb:17:in `call'
  rack (1.4.5) lib/rack/handler/webrick.rb:59:in `service'
  /Users/apple/.rbenv/versions/1.9.3-p374/lib/ruby/1.9.1/webrick/httpserver.rb:138:in `service'
  /Users/apple/.rbenv/versions/1.9.3-p374/lib/ruby/1.9.1/webrick/httpserver.rb:94:in `run'
  /Users/apple/.rbenv/versions/1.9.3-p374/lib/ruby/1.9.1/webrick/server.rb:191:in `block in start_thread'


  Rendered /Users/apple/.rbenv/versions/1.9.3-p374/lib/ruby/gems/1.9.1/gems/actionpack-3.2.11/lib/action_dispatch/middleware/templates/rescues/routing_error.erb within rescues/layout (0.9ms)


Started GET "/assets/twitter/bootstrap/bootstrap-transition.js?body=1" for 127.0.0.1 at 2013-11-07 21:53:45 +0900
Served asset /twitter/bootstrap/bootstrap-transition.js - 304 Not Modified (0ms)


Started GET "/assets/twitter/bootstrap/bootstrap-alert.js?body=1" for 127.0.0.1 at 2013-11-07 21:53:45 +0900
Served asset /twitter/bootstrap/bootstrap-alert.js - 304 Not Modified (0ms)


Started GET "/assets/twitter/bootstrap/bootstrap-modal.js?body=1" for 127.0.0.1 at 2013-11-07 21:53:45 +0900
Served asset /twitter/bootstrap/bootstrap-modal.js - 304 Not Modified (0ms)


Started GET "/assets/twitter/bootstrap/bootstrap-dropdown.js?body=1" for 127.0.0.1 at 2013-11-07 21:53:45 +0900
Served asset /twitter/bootstrap/bootstrap-dropdown.js - 304 Not Modified (0ms)


Started GET "/assets/twitter/bootstrap/bootstrap-scrollspy.js?body=1" for 127.0.0.1 at 2013-11-07 21:53:45 +0900
Served asset /twitter/bootstrap/bootstrap-scrollspy.js - 304 Not Modified (0ms)


Started GET "/assets/twitter/bootstrap/bootstrap-tab.js?body=1" for 127.0.0.1 at 2013-11-07 21:53:45 +0900
Served asset /twitter/bootstrap/bootstrap-tab.js - 304 Not Modified (0ms)


Started GET "/assets/twitter/bootstrap/bootstrap-tooltip.js?body=1" for 127.0.0.1 at 2013-11-07 21:53:45 +0900
Served asset /twitter/bootstrap/bootstrap-tooltip.js - 304 Not Modified (0ms)


Started GET "/assets/twitter/bootstrap/bootstrap-popover.js?body=1" for 127.0.0.1 at 2013-11-07 21:53:45 +0900
Served asset /twitter/bootstrap/bootstrap-popover.js - 304 Not Modified (0ms)


Started GET "/assets/twitter/bootstrap/bootstrap-button.js?body=1" for 127.0.0.1 at 2013-11-07 21:53:45 +0900
Served asset /twitter/bootstrap/bootstrap-button.js - 304 Not Modified (0ms)


Started GET "/assets/twitter/bootstrap/bootstrap-carousel.js?body=1" for 127.0.0.1 at 2013-11-07 21:53:45 +0900
Served asset /twitter/bootstrap/bootstrap-carousel.js - 304 Not Modified (0ms)


Started GET "/assets/twitter/bootstrap/bootstrap-collapse.js?body=1" for 127.0.0.1 at 2013-11-07 21:53:45 +0900
Served asset /twitter/bootstrap/bootstrap-collapse.js - 304 Not Modified (0ms)


Started GET "/assets/twitter/bootstrap/bootstrap-typeahead.js?body=1" for 127.0.0.1 at 2013-11-07 21:53:45 +0900
Served asset /twitter/bootstrap/bootstrap-typeahead.js - 304 Not Modified (0ms)


Started GET "/assets/twitter/bootstrap/bootstrap-affix.js?body=1" for 127.0.0.1 at 2013-11-07 21:53:45 +0900
Served asset /twitter/bootstrap/bootstrap-affix.js - 304 Not Modified (0ms)


Started GET "/assets/twitter/bootstrap.js?body=1" for 127.0.0.1 at 2013-11-07 21:53:45 +0900
Served asset /twitter/bootstrap.js - 304 Not Modified (0ms)


Started GET "/admin/user?_pjax=%5Bdata-pjax-container%5D" for 127.0.0.1 at 2013-11-07 21:54:30 +0900
Processing by RailsAdmin::MainController#index as HTML
  Parameters: {"_pjax"=>"[data-pjax-container]", "model_name"=>"user"}
  [1m[35mUser Load (0.3ms)[0m  SELECT "users".* FROM "users" WHERE "users"."id" = 1 LIMIT 1
  [1m[36mUser Load (0.2ms)[0m  [1mSELECT "users".* FROM "users" ORDER BY users.id desc LIMIT 20 OFFSET 0[0m
  [1m[35m (0.2ms)[0m  SELECT COUNT(*) FROM "users" 
  Rendered /Users/apple/.rbenv/versions/1.9.3-p374/lib/ruby/gems/1.9.1/gems/rails_admin-0.4.9/app/views/rails_admin/main/index.html.haml within layouts/rails_admin/pjax (177.5ms)
Completed 200 OK in 215ms (Views: 193.2ms | ActiveRecord: 0.7ms)
